<?xml version="1.0" encoding="UTF-8"?>
<!-- Generated by org.testng.reporters.JUnitReportReporter -->
<testsuite hostname="LAPTOP-5GOO969N" failures="0" tests="12" name="TestNg.Flag6" time="0.027" errors="0" timestamp="2022-08-25T13:34:22 IST" skipped="0">
  <testcase classname="TestNg.Flag6" name="FTC4" time="0.002"/>
  <system-out>
    <![CDATA[funtional csae4]]>
  </system-out>
  <testcase classname="TestNg.Flag6" name="FTC3" time="0.003"/>
  <system-out>
    <![CDATA[funtional csae3]]>
  </system-out>
  <testcase classname="TestNg.Flag6" name="IT1" time="0.002"/>
  <system-out>
    <![CDATA[intergration 1]]>
  </system-out>
  <testcase classname="TestNg.Flag6" name="St4" time="0.006"/>
  <system-out>
    <![CDATA[Smoke Test4]]>
  </system-out>
  <testcase classname="TestNg.Flag6" name="IT4" time="0.002"/>
  <system-out>
    <![CDATA[intergration 4]]>
  </system-out>
  <testcase classname="TestNg.Flag6" name="FTC2" time="0.002"/>
  <system-out>
    <![CDATA[funtional csae2]]>
  </system-out>
  <testcase classname="TestNg.Flag6" name="IT3" time="0.001"/>
  <system-out>
    <![CDATA[intergration 3]]>
  </system-out>
  <testcase classname="TestNg.Flag6" name="St1" time="0.002"/>
  <system-out>
    <![CDATA[Smoke Test1]]>
  </system-out>
  <testcase classname="TestNg.Flag6" name="St3" time="0.001"/>
  <system-out>
    <![CDATA[Smoke Test3]]>
  </system-out>
  <testcase classname="TestNg.Flag6" name="St2" time="0.001"/>
  <system-out>
    <![CDATA[Smoke Test2]]>
  </system-out>
  <testcase classname="TestNg.Flag6" name="FTC1" time="0.003"/>
  <system-out>
    <![CDATA[funtional csae]]>
  </system-out>
  <testcase classname="TestNg.Flag6" name="IT2" time="0.002"/>
  <system-out>
    <![CDATA[Intergration Test2]]>
  </system-out>
</testsuite> <!-- TestNg.Flag6 -->
