<?xml version="1.0" encoding="UTF-8"?>
<!-- Generated by org.testng.reporters.JUnitReportReporter -->
<testsuite hostname="LAPTOP-5GOO969N" failures="0" tests="1" name="TestNg.Demo" time="0.009" errors="0" timestamp="2022-08-25T13:34:22 IST" skipped="0">
  <testcase classname="TestNg.Demo" name="f" time="0.009"/>
  <system-out>
    <![CDATA[I m H method]]>
  </system-out>
</testsuite> <!-- TestNg.Demo -->
